<?xml version="1.0" encoding="UTF-8"?>
<TestRun id="e5598f3d-b304-4fd0-85ea-ea761e1d38e8" name="smithjay@FA2-0009 2010-04-19 10:53:25" runUser="TYSONET\smithjay" xmlns="http://microsoft.com/schemas/VisualStudio/TeamTest/2010">
  <TestSettings name="Local" id="79450dcb-152e-484a-a905-fa63087fb735">
    <Description>These are default test settings for a local test run.</Description>
    <Deployment enabled="false" runDeploymentRoot="smithjay_FA2-0009 2010-04-19 10_53_25">
      <DeploymentItem filename="c:\documents and settings\smithjay\my documents\visual studio 2010\Projects\Log4NetDemo\Dependencies\log4net_1.2.10\log4net.dll" />
    </Deployment>
    <Execution>
      <TestTypeSpecific />
      <AgentRule name="Execution Agents">
      </AgentRule>
    </Execution>
  </TestSettings>
  <Times creation="2010-04-19T10:53:25.9761733-05:00" queuing="2010-04-19T10:53:34.4150233-05:00" start="2010-04-19T10:53:34.6025533-05:00" finish="2010-04-19T10:53:36.7122658-05:00" />
  <ResultSummary outcome="Completed">
    <Counters total="1" executed="1" passed="1" error="0" failed="0" timeout="0" aborted="0" inconclusive="0" passedButRunAborted="0" notRunnable="0" notExecuted="0" disconnected="0" warning="0" completed="0" inProgress="0" pending="0" />
  </ResultSummary>
  <TestDefinitions>
    <UnitTest name="SimpleLogSetup" storage="c:\documents and settings\smithjay\my documents\visual studio 2010\projects\log4netdemo\log4netdemo\bin\debug\log4netdemo.dll" id="47a98794-fd79-286a-bbb7-0ac48e6b3466">
      <Execution id="664bd39f-02b2-46b7-88a1-680c0e8b57aa" />
      <TestMethod codeBase="c:/documents and settings/smithjay/my documents/visual studio 2010/Projects/Log4NetDemo/Log4NetDemo/bin/Debug/Log4NetDemo.DLL" adapterTypeName="Microsoft.VisualStudio.TestTools.TestTypes.Unit.UnitTestAdapter, Microsoft.VisualStudio.QualityTools.Tips.UnitTest.Adapter, Version=10.0.0.0, Culture=neutral, PublicKeyToken=b03f5f7f11d50a3a" className="Log4NetDemo.Demo1, Log4NetDemo, Version=1.0.0.0, Culture=neutral, PublicKeyToken=null" name="SimpleLogSetup" />
    </UnitTest>
  </TestDefinitions>
  <TestLists>
    <TestList name="Results Not in a List" id="8c84fa94-04c1-424b-9868-57a2d4851a1d" />
    <TestList name="All Loaded Results" id="19431567-8539-422a-85d7-44ee4e166bda" />
  </TestLists>
  <TestEntries>
    <TestEntry testId="47a98794-fd79-286a-bbb7-0ac48e6b3466" executionId="664bd39f-02b2-46b7-88a1-680c0e8b57aa" testListId="8c84fa94-04c1-424b-9868-57a2d4851a1d" />
  </TestEntries>
  <Results>
    <UnitTestResult executionId="664bd39f-02b2-46b7-88a1-680c0e8b57aa" testId="47a98794-fd79-286a-bbb7-0ac48e6b3466" testName="SimpleLogSetup" computerName="FA2-0009" duration="00:00:00.2763298" startTime="2010-04-19T10:53:34.7588283-05:00" endTime="2010-04-19T10:53:36.4934808-05:00" testType="13cdc9d9-ddb5-4fa4-a97d-d965ccfc6d4b" outcome="Passed" testListId="8c84fa94-04c1-424b-9868-57a2d4851a1d" relativeResultsDirectory="664bd39f-02b2-46b7-88a1-680c0e8b57aa">
      <Output>
        <StdOut>46 [Agent: adapter run thread for test 'SimpleLogSetup' with id '664bd39f-02b2-46b7-88a1-680c0e8b57aa'] DEBUG Log4NetDemo.Demo1 (null) - Hello World
218 [Agent: adapter run thread for test 'SimpleLogSetup' with id '664bd39f-02b2-46b7-88a1-680c0e8b57aa'] INFO Log4NetDemo.Demo1 (null) - I'm a simple log4net demo.
218 [Agent: adapter run thread for test 'SimpleLogSetup' with id '664bd39f-02b2-46b7-88a1-680c0e8b57aa'] WARN Log4NetDemo.Demo1 (null) - ... better be careful ...
218 [Agent: adapter run thread for test 'SimpleLogSetup' with id '664bd39f-02b2-46b7-88a1-680c0e8b57aa'] ERROR Log4NetDemo.Demo1 (null) - ruh-roh: something this way come
218 [Agent: adapter run thread for test 'SimpleLogSetup' with id '664bd39f-02b2-46b7-88a1-680c0e8b57aa'] FATAL Log4NetDemo.Demo1 (null) - OMG We are doooooomed!@</StdOut>
      </Output>
    </UnitTestResult>
  </Results>
</TestRun>